[debug] [2024-03-30T19:40:05.205Z] ----------------------------------------------------------------------
[debug] [2024-03-30T19:40:05.217Z] Command:       C:\Program Files\nodejs\node.exe C:\Users\Saka Shittu Adeyemi\AppData\Roaming\npm\node_modules\firebase-tools\lib\bin\firebase.js init
[debug] [2024-03-30T19:40:05.217Z] CLI Version:   13.6.0
[debug] [2024-03-30T19:40:05.218Z] Platform:      win32
[debug] [2024-03-30T19:40:05.218Z] Node Version:  v21.6.1
[debug] [2024-03-30T19:40:05.219Z] Time:          Sat Mar 30 2024 20:40:05 GMT+0100 (West Africa Standard Time)
[debug] [2024-03-30T19:40:05.219Z] ----------------------------------------------------------------------
[debug] 
[debug] [2024-03-30T19:40:05.303Z] > command requires scopes: ["email","openid","https://www.googleapis.com/auth/cloudplatformprojects.readonly","https://www.googleapis.com/auth/firebase","https://www.googleapis.com/auth/cloud-platform"]
[debug] [2024-03-30T19:40:05.304Z] > authorizing via signed-in user (zakatechsoftware@gmail.com)
[info] 
     ######## #### ########  ######## ########     ###     ######  ########
     ##        ##  ##     ## ##       ##     ##  ##   ##  ##       ##
     ######    ##  ########  ######   ########  #########  ######  ######
     ##        ##  ##    ##  ##       ##     ## ##     ##       ## ##
     ##       #### ##     ## ######## ########  ##     ##  ######  ########

You're about to initialize a Firebase project in this directory:

  C:\Users\Saka Shittu Adeyemi\Desktop\coursera\shoppingApp

Before we get started, keep in mind:

  * You are initializing within an existing Firebase project directory

[info] 
=== Project Setup
[info] 
[info] First, let's associate this project directory with a Firebase project.
[info] You can create multiple project aliases by running firebase use --add, 
[info] but for now we'll just set up a default project.
[info] 
[debug] [2024-03-30T20:32:43.935Z] Using project from CLI flag: onlineshopping-7ed43
[debug] [2024-03-30T20:32:43.940Z] > refreshing access token with scopes: []
[debug] [2024-03-30T20:32:43.943Z] >>> [apiv2][query] POST https://www.googleapis.com/oauth2/v3/token [none]
[debug] [2024-03-30T20:32:43.943Z] >>> [apiv2][body] POST https://www.googleapis.com/oauth2/v3/token [omitted]
[debug] [2024-03-30T20:32:44.071Z] *** [apiv2] error from fetch(https://www.googleapis.com/oauth2/v3/token, {"headers":{},"method":"POST","body":{"_overheadLength":545,"_valueLength":212,"_valuesToMeasure":[],"writable":false,"readable":true,"dataSize":0,"maxDataSize":2097152,"pauseStreams":true,"_released":true,"_streams":[],"_currentStream":null,"_insideLoop":false,"_pendingNext":false,"_boundary":"--------------------------696907842008883977013959","_events":{},"_eventsCount":1}}): FetchError: request to https://www.googleapis.com/oauth2/v3/token failed, reason: getaddrinfo ENOTFOUND www.googleapis.com
[debug] [2024-03-30T20:32:44.071Z] Authentication Error: Your credentials are no longer valid. Please run firebase login --reauth

For CI servers and headless environments, generate a new token with firebase login:ci
[debug] [2024-03-30T20:32:44.080Z] FirebaseError: Authentication Error: Your credentials are no longer valid. Please run firebase login --reauth

For CI servers and headless environments, generate a new token with firebase login:ci
    at invalidCredentialError (C:\Users\Saka Shittu Adeyemi\AppData\Roaming\npm\node_modules\firebase-tools\lib\auth.js:142:12)
    at refreshTokens (C:\Users\Saka Shittu Adeyemi\AppData\Roaming\npm\node_modules\firebase-tools\lib\auth.js:515:15)
    at process.processTicksAndRejections (node:internal/process/task_queues:95:5)
    at async Client.getAccessToken (C:\Users\Saka Shittu Adeyemi\AppData\Roaming\npm\node_modules\firebase-tools\lib\apiv2.js:163:22)
    at async Client.addAuthHeader (C:\Users\Saka Shittu Adeyemi\AppData\Roaming\npm\node_modules\firebase-tools\lib\apiv2.js:154:21)
    at async Client.request (C:\Users\Saka Shittu Adeyemi\AppData\Roaming\npm\node_modules\firebase-tools\lib\apiv2.js:105:34)
    at async getFirebaseProject (C:\Users\Saka Shittu Adeyemi\AppData\Roaming\npm\node_modules\firebase-tools\lib\management\projects.js:295:21)
    at async doSetup (C:\Users\Saka Shittu Adeyemi\AppData\Roaming\npm\node_modules\firebase-tools\lib\init\features\project.js:85:27)
    at async init (C:\Users\Saka Shittu Adeyemi\AppData\Roaming\npm\node_modules\firebase-tools\lib\init\index.js:37:9)
[error] 
[error] Error: Failed to get Firebase project onlineshopping-7ed43. Please make sure the project exists and your account has permission to access it.
